--------------------------------------------------------------------------------
Release 10.1.03 Trace  (nt)
Copyright (c) 1995-2008 Xilinx, Inc.  All rights reserved.

C:\Xilinx\10.1\ISE\bin\nt\unwrapped\trce.exe -ise
C:/Xilinx/CodeConverter/BinarytoBCD/BinarytoBCD.ise -intstyle ise -v 3 -s 5
-xml binarytobcd binarytobcd.ncd -o binarytobcd.twr binarytobcd.pcf -ucf
binarytobcd.ucf

Design file:              binarytobcd.ncd
Physical constraint file: binarytobcd.pcf
Device,package,speed:     xc2s100,pq208,-5 (PRODUCTION 1.27 2008-01-09)
Report level:             verbose report

Environment Variable      Effect 
--------------------      ------ 
NONE                      No environment variables were set
--------------------------------------------------------------------------------

INFO:Timing:2698 - No timing constraints found, doing default enumeration.
INFO:Timing:2752 - To get complete path coverage, use the unconstrained paths 
   option. All paths that are not constrained will be reported in the 
   unconstrained paths section(s) of the report.
INFO:Timing:3339 - The clock-to-out numbers in this timing report are based on 
   a 50 Ohm transmission line loading model.  For the details of this model, 
   and for more information on accounting for different loading conditions, 
   please see the device datasheet.



Data Sheet report:
-----------------
All values displayed in nanoseconds (ns)

Pad to Pad
---------------+---------------+---------+
Source Pad     |Destination Pad|  Delay  |
---------------+---------------+---------+
binary_in<0>   |BCD_out<0>     |   11.216|
binary_in<1>   |BCD_out<1>     |   11.509|
binary_in<1>   |BCD_out<3>     |   11.922|
binary_in<1>   |BCD_out<4>     |   11.751|
binary_in<2>   |BCD_out<0>     |   10.527|
binary_in<2>   |BCD_out<2>     |   11.251|
binary_in<2>   |BCD_out<3>     |   11.410|
binary_in<2>   |BCD_out<4>     |   10.972|
binary_in<3>   |BCD_out<0>     |   10.719|
binary_in<3>   |BCD_out<1>     |   10.777|
binary_in<3>   |BCD_out<2>     |   10.818|
binary_in<3>   |BCD_out<3>     |   11.267|
binary_in<3>   |BCD_out<4>     |   10.814|
---------------+---------------+---------+


Analysis completed Thu Oct 09 15:47:24 2014 
--------------------------------------------------------------------------------

Trace Settings:
-------------------------
Trace Settings 

Peak Memory Usage: 133 MB



