--------------------------------------------------------------------------------
Release 10.1.03 Trace  (nt)
Copyright (c) 1995-2008 Xilinx, Inc.  All rights reserved.

C:\Xilinx\10.1\ISE\bin\nt\unwrapped\trce.exe -ise C:/Xilinx/Test/Test.ise
-intstyle ise -v 3 -s 5 -xml Limit_Count Limit_Count.ncd -o Limit_Count.twr
Limit_Count.pcf -ucf Limit_Count.ucf

Design file:              Limit_Count.ncd
Physical constraint file: Limit_Count.pcf
Device,package,speed:     xc2s100,pq208,-5 (PRODUCTION 1.27 2008-01-09)
Report level:             verbose report

Environment Variable      Effect 
--------------------      ------ 
NONE                      No environment variables were set
--------------------------------------------------------------------------------

INFO:Timing:2698 - No timing constraints found, doing default enumeration.
INFO:Timing:2752 - To get complete path coverage, use the unconstrained paths 
   option. All paths that are not constrained will be reported in the 
   unconstrained paths section(s) of the report.
INFO:Timing:3339 - The clock-to-out numbers in this timing report are based on 
   a 50 Ohm transmission line loading model.  For the details of this model, 
   and for more information on accounting for different loading conditions, 
   please see the device datasheet.



Data Sheet report:
-----------------
All values displayed in nanoseconds (ns)

Pad to Pad
---------------+---------------+---------+
Source Pad     |Destination Pad|  Delay  |
---------------+---------------+---------+
push<0>        |seg_7<0>       |   11.953|
push<0>        |seg_7<3>       |   12.373|
push<0>        |seg_7<4>       |   12.573|
push<0>        |seg_7<7>       |   11.896|
push<1>        |seg_7<0>       |   11.860|
push<1>        |seg_7<3>       |   12.280|
push<1>        |seg_7<4>       |   12.480|
push<1>        |seg_7<7>       |   11.803|
---------------+---------------+---------+


Analysis completed Wed Nov 19 20:54:13 2014 
--------------------------------------------------------------------------------

Trace Settings:
-------------------------
Trace Settings 

Peak Memory Usage: 63 MB



